<?xml version="1.0" encoding="UTF-8"?>
<coverage generated="1769055109153" clover="3.2.0">
  <project timestamp="1769055109153" name="All files">
    <metrics statements="32" coveredstatements="29" conditionals="13" coveredconditionals="11" methods="9" coveredmethods="7" elements="54" coveredelements="47" complexity="0" loc="32" ncloc="32" packages="1" files="1" classes="1"/>
    <file name="app.js" path="C:\Users\24024145\Downloads\c270\app.js">
      <metrics statements="32" coveredstatements="29" conditionals="13" coveredconditionals="11" methods="9" coveredmethods="7"/>
      <line num="1" count="1" type="stmt"/>
      <line num="2" count="1" type="stmt"/>
      <line num="5" count="1" type="stmt"/>
      <line num="8" count="1" type="stmt"/>
      <line num="9" count="1" type="stmt"/>
      <line num="11" count="1" type="stmt"/>
      <line num="17" count="1" type="stmt"/>
      <line num="18" count="1" type="stmt"/>
      <line num="22" count="1" type="stmt"/>
      <line num="23" count="2" type="stmt"/>
      <line num="24" count="3" type="stmt"/>
      <line num="26" count="2" type="cond" truecount="2" falsecount="0"/>
      <line num="27" count="1" type="stmt"/>
      <line num="29" count="1" type="stmt"/>
      <line num="34" count="1" type="stmt"/>
      <line num="35" count="0" type="stmt"/>
      <line num="39" count="1" type="stmt"/>
      <line num="40" count="2" type="stmt"/>
      <line num="42" count="2" type="cond" truecount="5" falsecount="0"/>
      <line num="43" count="1" type="stmt"/>
      <line num="46" count="2" type="cond" truecount="1" falsecount="1"/>
      <line num="47" count="1" type="stmt"/>
      <line num="48" count="1" type="stmt"/>
      <line num="52" count="1" type="stmt"/>
      <line num="53" count="1" type="stmt"/>
      <line num="54" count="3" type="stmt"/>
      <line num="55" count="1" type="stmt"/>
      <line num="59" count="1" type="cond" truecount="2" falsecount="0"/>
      <line num="61" count="1" type="cond" truecount="1" falsecount="1"/>
      <line num="62" count="0" type="stmt"/>
      <line num="63" count="0" type="stmt"/>
      <line num="67" count="1" type="stmt"/>
    </file>
  </project>
</coverage>
