{"C:\\Users\\24024145\\Downloads\\c270\\app.js": {"path":"C:\\Users\\24024145\\Downloads\\c270\\app.js","statementMap":{"0":{"start":{"line":1,"column":16},"end":{"line":1,"column":34}},"1":{"start":{"line":2,"column":12},"end":{"line":2,"column":21}},"2":{"start":{"line":5,"column":0},"end":{"line":5,"column":30}},"3":{"start":{"line":8,"column":0},"end":{"line":8,"column":34}},"4":{"start":{"line":9,"column":0},"end":{"line":9,"column":49}},"5":{"start":{"line":11,"column":15},"end":{"line":14,"column":1}},"6":{"start":{"line":17,"column":0},"end":{"line":19,"column":3}},"7":{"start":{"line":18,"column":2},"end":{"line":18,"column":45}},"8":{"start":{"line":22,"column":0},"end":{"line":31,"column":3}},"9":{"start":{"line":23,"column":20},"end":{"line":23,"column":43}},"10":{"start":{"line":24,"column":18},"end":{"line":24,"column":65}},"11":{"start":{"line":24,"column":39},"end":{"line":24,"column":64}},"12":{"start":{"line":26,"column":2},"end":{"line":30,"column":3}},"13":{"start":{"line":27,"column":4},"end":{"line":27,"column":39}},"14":{"start":{"line":29,"column":4},"end":{"line":29,"column":46}},"15":{"start":{"line":34,"column":0},"end":{"line":36,"column":3}},"16":{"start":{"line":35,"column":2},"end":{"line":35,"column":27}},"17":{"start":{"line":39,"column":0},"end":{"line":49,"column":3}},"18":{"start":{"line":40,"column":33},"end":{"line":40,"column":41}},"19":{"start":{"line":42,"column":2},"end":{"line":44,"column":3}},"20":{"start":{"line":43,"column":4},"end":{"line":43,"column":60}},"21":{"start":{"line":46,"column":16},"end":{"line":46,"column":91}},"22":{"start":{"line":46,"column":70},"end":{"line":46,"column":81}},"23":{"start":{"line":47,"column":2},"end":{"line":47,"column":58}},"24":{"start":{"line":48,"column":2},"end":{"line":48,"column":20}},"25":{"start":{"line":52,"column":0},"end":{"line":56,"column":3}},"26":{"start":{"line":53,"column":20},"end":{"line":53,"column":43}},"27":{"start":{"line":54,"column":2},"end":{"line":54,"column":63}},"28":{"start":{"line":54,"column":36},"end":{"line":54,"column":61}},"29":{"start":{"line":55,"column":2},"end":{"line":55,"column":20}},"30":{"start":{"line":59,"column":13},"end":{"line":59,"column":37}},"31":{"start":{"line":61,"column":0},"end":{"line":65,"column":1}},"32":{"start":{"line":62,"column":2},"end":{"line":64,"column":2}},"33":{"start":{"line":63,"column":4},"end":{"line":63,"column":63}},"34":{"start":{"line":67,"column":0},"end":{"line":67,"column":21}}},"fnMap":{"0":{"name":"(anonymous_0)","decl":{"start":{"line":17,"column":13},"end":{"line":17,"column":14}},"loc":{"start":{"line":17,"column":27},"end":{"line":19,"column":1}},"line":17},"1":{"name":"(anonymous_1)","decl":{"start":{"line":22,"column":24},"end":{"line":22,"column":25}},"loc":{"start":{"line":22,"column":38},"end":{"line":31,"column":1}},"line":22},"2":{"name":"(anonymous_2)","decl":{"start":{"line":24,"column":32},"end":{"line":24,"column":33}},"loc":{"start":{"line":24,"column":39},"end":{"line":24,"column":64}},"line":24},"3":{"name":"(anonymous_3)","decl":{"start":{"line":34,"column":23},"end":{"line":34,"column":24}},"loc":{"start":{"line":34,"column":37},"end":{"line":36,"column":1}},"line":34},"4":{"name":"(anonymous_4)","decl":{"start":{"line":39,"column":24},"end":{"line":39,"column":25}},"loc":{"start":{"line":39,"column":38},"end":{"line":49,"column":1}},"line":39},"5":{"name":"(anonymous_5)","decl":{"start":{"line":46,"column":63},"end":{"line":46,"column":64}},"loc":{"start":{"line":46,"column":70},"end":{"line":46,"column":81}},"line":46},"6":{"name":"(anonymous_6)","decl":{"start":{"line":52,"column":31},"end":{"line":52,"column":32}},"loc":{"start":{"line":52,"column":45},"end":{"line":56,"column":1}},"line":52},"7":{"name":"(anonymous_7)","decl":{"start":{"line":54,"column":29},"end":{"line":54,"column":30}},"loc":{"start":{"line":54,"column":36},"end":{"line":54,"column":61}},"line":54},"8":{"name":"(anonymous_8)","decl":{"start":{"line":62,"column":19},"end":{"line":62,"column":20}},"loc":{"start":{"line":63,"column":4},"end":{"line":63,"column":63}},"line":63}},"branchMap":{"0":{"loc":{"start":{"line":26,"column":2},"end":{"line":30,"column":3}},"type":"if","locations":[{"start":{"line":26,"column":2},"end":{"line":30,"column":3}},{"start":{"line":28,"column":9},"end":{"line":30,"column":3}}],"line":26},"1":{"loc":{"start":{"line":42,"column":2},"end":{"line":44,"column":3}},"type":"if","locations":[{"start":{"line":42,"column":2},"end":{"line":44,"column":3}},{"start":{},"end":{}}],"line":42},"2":{"loc":{"start":{"line":42,"column":6},"end":{"line":42,"column":31}},"type":"binary-expr","locations":[{"start":{"line":42,"column":6},"end":{"line":42,"column":11}},{"start":{"line":42,"column":15},"end":{"line":42,"column":19}},{"start":{"line":42,"column":23},"end":{"line":42,"column":31}}],"line":42},"3":{"loc":{"start":{"line":46,"column":16},"end":{"line":46,"column":91}},"type":"cond-expr","locations":[{"start":{"line":46,"column":38},"end":{"line":46,"column":87}},{"start":{"line":46,"column":90},"end":{"line":46,"column":91}}],"line":46},"4":{"loc":{"start":{"line":59,"column":13},"end":{"line":59,"column":37}},"type":"binary-expr","locations":[{"start":{"line":59,"column":13},"end":{"line":59,"column":29}},{"start":{"line":59,"column":33},"end":{"line":59,"column":37}}],"line":59},"5":{"loc":{"start":{"line":61,"column":0},"end":{"line":65,"column":1}},"type":"if","locations":[{"start":{"line":61,"column":0},"end":{"line":65,"column":1}},{"start":{},"end":{}}],"line":61}},"s":{"0":1,"1":1,"2":1,"3":1,"4":1,"5":1,"6":1,"7":1,"8":1,"9":2,"10":2,"11":3,"12":2,"13":1,"14":1,"15":1,"16":0,"17":1,"18":2,"19":2,"20":1,"21":1,"22":2,"23":1,"24":1,"25":1,"26":1,"27":1,"28":3,"29":1,"30":1,"31":1,"32":0,"33":0,"34":1},"f":{"0":1,"1":2,"2":3,"3":0,"4":2,"5":2,"6":1,"7":3,"8":0},"b":{"0":[1,1],"1":[1,1],"2":[2,1,1],"3":[1,0],"4":[1,1],"5":[0,1]},"_coverageSchema":"1a1c01bbd47fc00a2c39e90264f33305004495a9","hash":"0fe64e4e525bfd3f52a94b2745d16596a9bca465"}
}
