TN:
SF:app.js
FN:17,(anonymous_0)
FN:22,(anonymous_1)
FN:24,(anonymous_2)
FN:34,(anonymous_3)
FN:39,(anonymous_4)
FN:46,(anonymous_5)
FN:52,(anonymous_6)
FN:54,(anonymous_7)
FN:62,(anonymous_8)
FNF:9
FNH:7
FNDA:1,(anonymous_0)
FNDA:2,(anonymous_1)
FNDA:3,(anonymous_2)
FNDA:0,(anonymous_3)
FNDA:2,(anonymous_4)
FNDA:2,(anonymous_5)
FNDA:1,(anonymous_6)
FNDA:3,(anonymous_7)
FNDA:0,(anonymous_8)
DA:1,1
DA:2,1
DA:5,1
DA:8,1
DA:9,1
DA:11,1
DA:17,1
DA:18,1
DA:22,1
DA:23,2
DA:24,3
DA:26,2
DA:27,1
DA:29,1
DA:34,1
DA:35,0
DA:39,1
DA:40,2
DA:42,2
DA:43,1
DA:46,2
DA:47,1
DA:48,1
DA:52,1
DA:53,1
DA:54,3
DA:55,1
DA:59,1
DA:61,1
DA:62,0
DA:63,0
DA:67,1
LF:32
LH:29
BRDA:26,0,0,1
BRDA:26,0,1,1
BRDA:42,1,0,1
BRDA:42,1,1,1
BRDA:42,2,0,2
BRDA:42,2,1,1
BRDA:42,2,2,1
BRDA:46,3,0,1
BRDA:46,3,1,0
BRDA:59,4,0,1
BRDA:59,4,1,1
BRDA:61,5,0,0
BRDA:61,5,1,1
BRF:13
BRH:11
end_of_record
